- [OUTPUT] ft_printf("%.03s", s_hidden)
   expected: "hi "
   actual:   ""

- [OUTPUT] ft_printf("%.09s", s_hidden)
   expected: "hi low"
   actual:   ""

- [OUTPUT] ft_printf("%.09s", NULL)
   expected: "(null)"
   actual:   ""

- [OUTPUT] ft_printf("%3.1s", NULL)
   expected: "   "
   actual:   "  ("

- [OUTPUT] ft_printf("%9.1s", NULL)
   expected: "         "
   actual:   "        ("

- [OUTPUT] ft_printf("%-3.1s", NULL)
   expected: "   "
   actual:   "(  "

- [OUTPUT] ft_printf("%-9.1s", NULL)
   expected: "         "
   actual:   "(        "

- [OUTPUT] ft_printf("%-.09s", s_hidden)
   expected: "hi low"
   actual:   ""

- [OUTPUT] ft_printf("%.6i", -3)
   expected: "-000003"
   actual:   "-00003"

- [OUTPUT] ft_printf("%10.5i", -216)
   expected: "    -00216"
   actual:   "     -0216"

- [OUTPUT] ft_printf("%3.7i", -2375)
   expected: "-0002375"
   actual:   "-002375"

- [OUTPUT] ft_printf("%-10.5i", -216)
   expected: "-00216    "
   actual:   "-0216     "

- [OUTPUT] ft_printf("%-3.7i", -2375)
   expected: "-0002375"
   actual:   "-002375"

- [OUTPUT] ft_printf("%010.5i", -216)
   expected: "    -00216"
   actual:   "     -0216"

- [OUTPUT] ft_printf("%03.7i", -2375)
   expected: "-0002375"
   actual:   "-002375"

- [OUTPUT] ft_printf("%.6d", -3)
   expected: "-000003"
   actual:   "-00003"

- [OUTPUT] ft_printf("%10.5d", -216)
   expected: "    -00216"
   actual:   "     -0216"

- [OUTPUT] ft_printf("%3.7d", -2375)
   expected: "-0002375"
   actual:   "-002375"

- [OUTPUT] ft_printf("%-10.5d", -216)
   expected: "-00216    "
   actual:   "-0216     "

- [OUTPUT] ft_printf("%-3.7d", -2375)
   expected: "-0002375"
   actual:   "-002375"

- [OUTPUT] ft_printf("%010.5d", -216)
   expected: "    -00216"
   actual:   "     -0216"

- [OUTPUT] ft_printf("%03.7d", -2375)
   expected: "-0002375"
   actual:   "-002375"

- [OUTPUT] ft_printf("%5c", '\0')
   expected: "    "
   actual:   "     "

- [OUTPUT] ft_printf("%-5c", '\0')
   expected: ""
   actual:   "     "

- [OUTPUT] ft_printf("{%3c}", 0)
   expected: "{  "
   actual:   "{   }"

- [OUTPUT] ft_printf("%15.4d", -42)
   expected: "          -0042"
   actual:   "           -042"

- [OUTPUT] ft_printf("%4.15d", -42)
   expected: "-000000000000042"
   actual:   "-00000000000042"

- [OUTPUT] ft_printf("%4.15d", -424242)
   expected: "-000000000424242"
   actual:   "-00000000424242"

- [OUTPUT] ft_printf("%.10d", -42)
   expected: "-0000000042"
   actual:   "-000000042"

- [OUTPUT] ft_printf("p3 %.4s\n", NULL)
   expected: "p3 \n"
   actual:   "p3 (nul\n"

- [OUTPUT] ft_printf("%.5d\n", -2372)
   expected: "-02372\n"
   actual:   "-2372\n"

- [OUTPUT] ft_printf("%50.2s", NULL)
   expected: "                                                  "
   actual:   "                                                (n"

- [OUTPUT] ft_printf("t7 %1.50d\n", -10)
   expected: "t7 -00000000000000000000000000000000000000000000000010\n"
   actual:   "t7 -0000000000000000000000000000000000000000000000010\n"

- [OUTPUT] ft_printf("32 This is an int : %0d\n\n", 0)
   expected: "32 This is an int : 0\n\n"
   actual:   "32 This is an int : \n\n"

- [OUTPUT] ft_printf("%.20d", -1024)
   expected: "-00000000000000001024"
   actual:   "-0000000000000001024"

- [OUTPUT] ft_printf("%.20i", -1024)
   expected: "-00000000000000001024"
   actual:   "-0000000000000001024"

- [OUTPUT] ft_printf("%20.5d", -1024)
   expected: "              -01024"
   actual:   "               -1024"

- [OUTPUT] ft_printf("%20.5i", -1024)
   expected: "              -01024"
   actual:   "               -1024"

- [OUTPUT] ft_printf("%020.5d", -1024)
   expected: "              -01024"
   actual:   "               -1024"

- [OUTPUT] ft_printf("%020.5i", -1024)
   expected: "              -01024"
   actual:   "               -1024"

- [OUTPUT] ft_printf("%-193.41d%-83.75X" ,-1402064983,2109137899u)
   expected: "-00000000000000000000000000000001402064983                                                                                                                                                       00000000000000000000000000000000000000000000000000000000000000000007DB6E3EB        "
   actual:   "-0000000000000000000000000000001402064983                                                                                                                                                        00000000000000000000000000000000000000000000000000000000000000000007DB6E3EB        "

- [OUTPUT] ft_printf("%--120.50d%-%%-112.167X%-32.65u" ,-1355834522,3814946551u,404243169u)
   expected: "-00000000000000000000000000000000000000001355834522                                                                     %000000000000000000000000000000000000000000000000000000000000000000000000000000000000000000000000000000000000000000000000000000000000000000000000000000000000000E36376F700000000000000000000000000000000000000000000000000000000404243169"
   actual:   "-0000000000000000000000000000000000000001355834522                                                                      %000000000000000000000000000000000000000000000000000000000000000000000000000000000000000000000000000000000000000000000000000000000000000000000000000000000000000E36376F700000000000000000000000000000000000000000000000000000000404243169"

- [OUTPUT] ft_printf("%0163.109u%-140.69d%---91.148s%000132.141i%-52.170x" ,2109506632u,-1086209677,"\nmD^8<.q*'\rD",-1143516304,2879456117u)
   expected: "                                                      0000000000000000000000000000000000000000000000000000000000000000000000000000000000000000000000000002109506632-000000000000000000000000000000000000000000000000000000000001086209677                                                                      mD^8<.q*'D                                                                               -000000000000000000000000000000000000000000000000000000000000000000000000000000000000000000000000000000000000000000000000000000000001143516304000000000000000000000000000000000000000000000000000000000000000000000000000000000000000000000000000000000000000000000000000000000000000000000000000000000000000000aba10375\n\r"
   actual:   "                                                      0000000000000000000000000000000000000000000000000000000000000000000000000000000000000000000000000002109506632-00000000000000000000000000000000000000000000000000000000001086209677                                                                       mD^8<.q*'D                                                                               -00000000000000000000000000000000000000000000000000000000000000000000000000000000000000000000000000000000000000000000000000000000001143516304000000000000000000000000000000000000000000000000000000000000000000000000000000000000000000000000000000000000000000000000000000000000000000000000000000000000000000aba10375\n\r"

- [OUTPUT] ft_printf("%0%%-100.142X%-156c%-163.122d" ,966917282u,116,-1334835467)
   expected: "%0000000000000000000000000000000000000000000000000000000000000000000000000000000000000000000000000000000000000000000000000000000000000039A1FCA2t                                                                                                                                                           -00000000000000000000000000000000000000000000000000000000000000000000000000000000000000000000000000000000000000001334835467                                        "
   actual:   "%0000000000000000000000000000000000000000000000000000000000000000000000000000000000000000000000000000000000000000000000000000000000000039A1FCA2t                                                                                                                                                           -0000000000000000000000000000000000000000000000000000000000000000000000000000000000000000000000000000000000000001334835467                                         "

- [OUTPUT] ft_printf("%-127.104s%-26.169d%--60.88i%142.52s" ,"",955786883,-1974652066,"d^ex<#[F\v>=ka/hj")
   expected: "                                                                                                                               0000000000000000000000000000000000000000000000000000000000000000000000000000000000000000000000000000000000000000000000000000000000000000000000000000000000000000955786883-0000000000000000000000000000000000000000000000000000000000000000000000000000001974652066                                                                                                                              d^ex<#[F>=ka/hj\v"
   actual:   "                                                                                                                               0000000000000000000000000000000000000000000000000000000000000000000000000000000000000000000000000000000000000000000000000000000000000000000000000000000000000000955786883-000000000000000000000000000000000000000000000000000000000000000000000000000001974652066                                                                                                                              d^ex<#[F>=ka/hj\v"

- [OUTPUT] ft_printf("%-.148d%-166.126d%--137p%131c%111.86s" ,-1733961224,-1148896912,(void*)17695841004645625598lu,-90,"v-Q/)ZI3")
   expected: "-0000000000000000000000000000000000000000000000000000000000000000000000000000000000000000000000000000000000000000000000000000000000000000001733961224-000000000000000000000000000000000000000000000000000000000000000000000000000000000000000000000000000000000000000000001148896912                                       0xf59441a31bb1aefe                                                                                                                                                                                                                                                                                                                                                                v-Q/)ZI3\a6"
   actual:   "-000000000000000000000000000000000000000000000000000000000000000000000000000000000000000000000000000000000000000000000000000000000000000001733961224-00000000000000000000000000000000000000000000000000000000000000000000000000000000000000000000000000000000000000000001148896912                                        0xf59441a31bb1aefe                                                                                                                                                                                                                                                                                                                                                                v-Q/)ZI3\a6"

- [OUTPUT] ft_printf("%090.196X%0197.108d" ,905350113u,-1350090454)
   expected: "0000000000000000000000000000000000000000000000000000000000000000000000000000000000000000000000000000000000000000000000000000000000000000000000000000000000000000000000000000000000000000000035F68BE1                                                                                        -000000000000000000000000000000000000000000000000000000000000000000000000000000000000000000000000001350090454"
   actual:   "0000000000000000000000000000000000000000000000000000000000000000000000000000000000000000000000000000000000000000000000000000000000000000000000000000000000000000000000000000000000000000000035F68BE1                                                                                         -00000000000000000000000000000000000000000000000000000000000000000000000000000000000000000000000001350090454"

- [OUTPUT] ft_printf("%--139.146d%127.161s%--71p%--27.141d" ,-1822102494,"n=WLe.nEu0{",(void*)6771150153815206631lu,1561301744)
   expected: "-00000000000000000000000000000000000000000000000000000000000000000000000000000000000000000000000000000000000000000000000000000000000000001822102494                                                                                                                    n=WLe.nEu0{0x5df7f53096fcaae7                                                     000000000000000000000000000000000000000000000000000000000000000000000000000000000000000000000000000000000000000000000000000000000001561301744"
   actual:   "-0000000000000000000000000000000000000000000000000000000000000000000000000000000000000000000000000000000000000000000000000000000000000001822102494                                                                                                                    n=WLe.nEu0{0x5df7f53096fcaae7                                                     000000000000000000000000000000000000000000000000000000000000000000000000000000000000000000000000000000000000000000000000000000000001561301744"

- [OUTPUT] ft_printf("%03.160d" ,-1754262177)
   expected: "-0000000000000000000000000000000000000000000000000000000000000000000000000000000000000000000000000000000000000000000000000000000000000000000000000000001754262177"
   actual:   "-000000000000000000000000000000000000000000000000000000000000000000000000000000000000000000000000000000000000000000000000000000000000000000000000000001754262177"

- [OUTPUT] ft_printf("%-154.60i%---171.156X" ,-857650046,907002431u)
   expected: "-000000000000000000000000000000000000000000000000000857650046                                                                                             0000000000000000000000000000000000000000000000000000000000000000000000000000000000000000000000000000000000000000000000000000000000000000000000000000360FC23F               "
   actual:   "-00000000000000000000000000000000000000000000000000857650046                                                                                              0000000000000000000000000000000000000000000000000000000000000000000000000000000000000000000000000000000000000000000000000000000000000000000000000000360FC23F               "

- [OUTPUT] ft_printf("%06.38i%-168.40X%0074.18d%-158p" ,514862160,1406013807u,-595638242,(void*)15381379978655233653lu)
   expected: "000000000000000000000000000005148621600000000000000000000000000000000053CE116F                                                                                                                                                                                       -0000000005956382420xd575a398b70cf675                                                                                                                                            "
   actual:   "000000000000000000000000000005148621600000000000000000000000000000000053CE116F                                                                                                                                                                                        -000000005956382420xd575a398b70cf675                                                                                                                                            "

- [OUTPUT] ft_printf("%--99.86i%158.71s" ,-37593293,"`pz,\ne#.\v$HZjf")
   expected: "-00000000000000000000000000000000000000000000000000000000000000000000000000000037593293                                                                                                                                                            `pz,e#.$HZjf\n\v"
   actual:   "-0000000000000000000000000000000000000000000000000000000000000000000000000000037593293                                                                                                                                                             `pz,e#.$HZjf\n\v"

- [OUTPUT] ft_printf("%--10.194d" ,-1338030583)
   expected: "-00000000000000000000000000000000000000000000000000000000000000000000000000000000000000000000000000000000000000000000000000000000000000000000000000000000000000000000000000000000000000001338030583"
   actual:   "-0000000000000000000000000000000000000000000000000000000000000000000000000000000000000000000000000000000000000000000000000000000000000000000000000000000000000000000000000000000000000001338030583"

- [OUTPUT] ft_printf("%-38p%--.31i" ,(void*)4772992227276040767lu,-1118940749)
   expected: "0x423d13246e7d2a3f                    -0000000000000000000001118940749"
   actual:   "0x423d13246e7d2a3f                    -000000000000000000001118940749"

- [OUTPUT] ft_printf("%34c%--142.160x%--10.37i%--94.58u%-157c" ,62,639732752u,-1818745559,2508057613u,100)
   expected: "                                 >0000000000000000000000000000000000000000000000000000000000000000000000000000000000000000000000000000000000000000000000000000000000000000000000000000000026218c10-00000000000000000000000000018187455590000000000000000000000000000000000000000000000002508057613                                    d                                                                                                                                                            "
   actual:   "                                 >0000000000000000000000000000000000000000000000000000000000000000000000000000000000000000000000000000000000000000000000000000000000000000000000000000000026218c10-0000000000000000000000000018187455590000000000000000000000000000000000000000000000002508057613                                    d                                                                                                                                                            "

- [OUTPUT] ft_printf("%-13.177s%0190.186x%0111.11d%-94.27X" ,"EWm?S`Z.ZHC2&K&\r@\\+",2398140703u,-90107139,3852798010u)
   expected: "EWm?S`Z.ZHC2&K&@\+    00000000000000000000000000000000000000000000000000000000000000000000000000000000000000000000000000000000000000000000000000000000000000000000000000000000000000000000000000000000008ef0b91f                                                                                                   -000901071390000000000000000000E5A5083A                                                                   \r"
   actual:   "EWm?S`Z.ZHC2&K&@\+    00000000000000000000000000000000000000000000000000000000000000000000000000000000000000000000000000000000000000000000000000000000000000000000000000000000000000000000000000000000008ef0b91f                                                                                                    -00901071390000000000000000000E5A5083A                                                                   \r"

- [OUTPUT] ft_printf("%00065.197d%132p%-%%-173.71i%--1.32i" ,-699619784,(void*)4809237208452777030lu,366715426,-1301410622)
   expected: "-00000000000000000000000000000000000000000000000000000000000000000000000000000000000000000000000000000000000000000000000000000000000000000000000000000000000000000000000000000000000000000000699619784                                                                                                                  0x42bdd7c2ba6b4446%00000000000000000000000000000000000000000000000000000000000000366715426                                                                                                      -00000000000000000000001301410622"
   actual:   "-0000000000000000000000000000000000000000000000000000000000000000000000000000000000000000000000000000000000000000000000000000000000000000000000000000000000000000000000000000000000000000000699619784                                                                                                                  0x42bdd7c2ba6b4446%00000000000000000000000000000000000000000000000000000000000000366715426                                                                                                      -0000000000000000000001301410622"

- [OUTPUT] ft_printf("%00070.99u%00142.132x%---78.52d%-147.134i%-%" ,1060731427u,715254811u,-1080597013,-611888681)
   expected: "000000000000000000000000000000000000000000000000000000000000000000000000000000000000000001060731427          00000000000000000000000000000000000000000000000000000000000000000000000000000000000000000000000000000000000000000000000000002aa1ec1b-0000000000000000000000000000000000000000001080597013                         -00000000000000000000000000000000000000000000000000000000000000000000000000000000000000000000000000000000000000000000000000000611888681            %"
   actual:   "000000000000000000000000000000000000000000000000000000000000000000000000000000000000000001060731427          00000000000000000000000000000000000000000000000000000000000000000000000000000000000000000000000000000000000000000000000000002aa1ec1b-000000000000000000000000000000000000000001080597013                          -0000000000000000000000000000000000000000000000000000000000000000000000000000000000000000000000000000000000000000000000000000611888681             %"

- [OUTPUT] ft_printf("%-189.X%000130.137d%092.60d" ,823761827u,-369802385,-444387222)
   expected: "31199BA3                                                                                                                                                                                     -00000000000000000000000000000000000000000000000000000000000000000000000000000000000000000000000000000000000000000000000000000000369802385                               -000000000000000000000000000000000000000000000000000444387222"
   actual:   "31199BA3                                                                                                                                                                                     -0000000000000000000000000000000000000000000000000000000000000000000000000000000000000000000000000000000000000000000000000000000369802385                                -00000000000000000000000000000000000000000000000000444387222"

- [OUTPUT] ft_printf("%-186.138i%86p%-113c%--87p" ,-1320475933,(void*)11899625258064503923lu,-39,(void*)15206197846470084523lu)
   expected: "-000000000000000000000000000000000000000000000000000000000000000000000000000000000000000000000000000000000000000000000000000000001320475933                                                                                                                   0xa523f62013336473                                                                                                                0xd30744601f28c7ab                                                                     \d9"
   actual:   "-00000000000000000000000000000000000000000000000000000000000000000000000000000000000000000000000000000000000000000000000000000001320475933                                                                                                                    0xa523f62013336473                                                                                                                0xd30744601f28c7ab                                                                     \d9"

- [OUTPUT] ft_printf("%-29p%--%%-193.171d" ,(void*)18371325174281419847lu,-1239504524)
   expected: "0xfef40ee91a3c3c47           %-000000000000000000000000000000000000000000000000000000000000000000000000000000000000000000000000000000000000000000000000000000000000000000000000000000000000000001239504524                     "
   actual:   "0xfef40ee91a3c3c47           %-00000000000000000000000000000000000000000000000000000000000000000000000000000000000000000000000000000000000000000000000000000000000000000000000000000000000000001239504524                      "

- [OUTPUT] ft_printf("%057.155d" ,-1801054431)
   expected: "-00000000000000000000000000000000000000000000000000000000000000000000000000000000000000000000000000000000000000000000000000000000000000000000000001801054431"
   actual:   "-0000000000000000000000000000000000000000000000000000000000000000000000000000000000000000000000000000000000000000000000000000000000000000000000001801054431"

- [OUTPUT] ft_printf("%--90.110d%0029.192d" ,-1196377573,-1708785543)
   expected: "-00000000000000000000000000000000000000000000000000000000000000000000000000000000000000000000000000001196377573-000000000000000000000000000000000000000000000000000000000000000000000000000000000000000000000000000000000000000000000000000000000000000000000000000000000000000000000000000000000000001708785543"
   actual:   "-0000000000000000000000000000000000000000000000000000000000000000000000000000000000000000000000000001196377573-00000000000000000000000000000000000000000000000000000000000000000000000000000000000000000000000000000000000000000000000000000000000000000000000000000000000000000000000000000000000001708785543"

- [OUTPUT] ft_printf("%-66.31x%-38.140i%-%%-150c%--75.38x" ,782499398u,-1057971833,41,3516211351u)
   expected: "000000000000000000000002ea3fe46                                   -00000000000000000000000000000000000000000000000000000000000000000000000000000000000000000000000000000000000000000000000000000000001057971833%)                                                                                                                                                     000000000000000000000000000000d1952097                                     "
   actual:   "000000000000000000000002ea3fe46                                   -0000000000000000000000000000000000000000000000000000000000000000000000000000000000000000000000000000000000000000000000000000000001057971833%)                                                                                                                                                     000000000000000000000000000000d1952097                                     "

- [OUTPUT] ft_printf("%-%%0180.177d%--9.67X" ,-506067077,2568175332u)
   expected: "%  -0000000000000000000000000000000000000000000000000000000000000000000000000000000000000000000000000000000000000000000000000000000000000000000000000000000000000000000000005060670770000000000000000000000000000000000000000000000000000000000099133EE4"
   actual:   "%   -000000000000000000000000000000000000000000000000000000000000000000000000000000000000000000000000000000000000000000000000000000000000000000000000000000000000000000000005060670770000000000000000000000000000000000000000000000000000000000099133EE4"

- [OUTPUT] ft_printf("%-198.70x%-116.104x%0101.173d%-7.31X%-79.47s" ,902186210u,3193532977u,-1387281844,1700477656u,"J;l$\t_")
   expected: "0000000000000000000000000000000000000000000000000000000000000035c644e2                                                                                                                                000000000000000000000000000000000000000000000000000000000000000000000000000000000000000000000000be597231            -0000000000000000000000000000000000000000000000000000000000000000000000000000000000000000000000000000000000000000000000000000000000000000000000000000000000000000000138728184400000000000000000000000655B3AD8J;l$_                                                                         \t"
   actual:   "0000000000000000000000000000000000000000000000000000000000000035c644e2                                                                                                                                000000000000000000000000000000000000000000000000000000000000000000000000000000000000000000000000be597231            -000000000000000000000000000000000000000000000000000000000000000000000000000000000000000000000000000000000000000000000000000000000000000000000000000000000000000000138728184400000000000000000000000655B3AD8J;l$_                                                                         \t"

- [OUTPUT] ft_printf("%0199.116d%-10.132i%-184.98x%-186.60u" ,-1501266571,225545851,491710007u,1838412370u)
   expected: "                                                                                  -000000000000000000000000000000000000000000000000000000000000000000000000000000000000000000000000000000000015012665710000000000000000000000000000000000000000000000000000000000000000000000000000000000000000000000000000000000000000000000000002255458510000000000000000000000000000000000000000000000000000000000000000000000000000000000000000001d4ee637                                                                                      000000000000000000000000000000000000000000000000001838412370                                                                                                                              "
   actual:   "                                                                                   -00000000000000000000000000000000000000000000000000000000000000000000000000000000000000000000000000000000015012665710000000000000000000000000000000000000000000000000000000000000000000000000000000000000000000000000000000000000000000000000002255458510000000000000000000000000000000000000000000000000000000000000000000000000000000000000000001d4ee637                                                                                      000000000000000000000000000000000000000000000000001838412370                                                                                                                              "
